<?xml version="1.0" encoding="UTF-8"?>
<!-- Generated by org.testng.reporters.JUnitReportReporter -->
<testsuite hostname="DESKTOP-D4MKRP0" failures="0" tests="1" name="practice.DemoTest" time="0.022" errors="0" timestamp="2024-04-08T15:43:59 IST" skipped="0">
  <testcase classname="practice.DemoTest" name="demo" time="0.022"/>
  <system-out/>
</testsuite> <!-- practice.DemoTest -->
